生成启动时间为 2016/5/2 9:36:47。
     1>项目“C:\Users\dell\Documents\GitHub\scaling-waddle\shoot_test\shoot_test\shoot_test.vcxproj”在节点 2 上(Build 个目标)。
     1>ClCompile:
         C:\Program Files (x86)\Microsoft Visual Studio 12.0\VC\bin\CL.exe /c /ZI /nologo /W3 /WX- /sdl /Od /Oy- /D _MBCS /Gm /EHsc /RTC1 /MDd /GS /fp:precise /Zc:wchar_t /Zc:forScope /Fo"Debug\\" /Fd"Debug\vc120.pdb" /Gd /TP /analyze- /errorReport:prompt CGame.cpp CStaticImages.cpp cHeightMap.cpp
         cHeightMap.cpp
     1>c:\users\dell\documents\github\scaling-waddle\shoot_test\shoot_test\cheightmap.cpp(44): error C3861: “glMultiTexCoord2fARB”:  找不到标识符
     1>c:\users\dell\documents\github\scaling-waddle\shoot_test\shoot_test\cheightmap.cpp(45): error C3861: “glMultiTexCoord2fARB”:  找不到标识符
     1>c:\users\dell\documents\github\scaling-waddle\shoot_test\shoot_test\cheightmap.cpp(48): error C3861: “glMultiTexCoord2fARB”:  找不到标识符
     1>c:\users\dell\documents\github\scaling-waddle\shoot_test\shoot_test\cheightmap.cpp(49): error C3861: “glMultiTexCoord2fARB”:  找不到标识符
     1>c:\users\dell\documents\github\scaling-waddle\shoot_test\shoot_test\cheightmap.cpp(52): error C3861: “glMultiTexCoord2fARB”:  找不到标识符
     1>c:\users\dell\documents\github\scaling-waddle\shoot_test\shoot_test\cheightmap.cpp(53): error C3861: “glMultiTexCoord2fARB”:  找不到标识符
     1>c:\users\dell\documents\github\scaling-waddle\shoot_test\shoot_test\cheightmap.cpp(56): error C3861: “glMultiTexCoord2fARB”:  找不到标识符
     1>c:\users\dell\documents\github\scaling-waddle\shoot_test\shoot_test\cheightmap.cpp(57): error C3861: “glMultiTexCoord2fARB”:  找不到标识符
         CStaticImages.cpp
     1>c:\users\dell\documents\github\scaling-waddle\shoot_test\shoot_test\cgame.h(17): fatal error C1083: 无法打开包括文件: “CCamera.h”: No such file or directory
         CGame.cpp
     1>c:\users\dell\documents\github\scaling-waddle\shoot_test\shoot_test\cgame.h(17): fatal error C1083: 无法打开包括文件: “CCamera.h”: No such file or directory
         正在生成代码...
     1>已完成生成项目“C:\Users\dell\Documents\GitHub\scaling-waddle\shoot_test\shoot_test\shoot_test.vcxproj”(Build 个目标)的操作 - 失败。

生成失败。

已用时间 00:00:08.33
